Using pre-set license
Built from '2020.3/staging' branch; Version is '2020.3.20f1 (41c4e627c95f) revision 4310246'; Using compiler version '192528614'; Build Type 'Release'
OS: 'Windows 10 Pro; OS build 19043.1466; Version 2009; 64bit' Language: 'en' Physical Memory: 16299 MB
BatchMode: 1, IsHumanControllingUs: 0, StartBugReporterOnCrash: 0, Is64bit: 1, IsPro: 0

COMMAND LINE ARGUMENTS:
C:\Program Files\Unity\Hub\Editor\2020.3.20f1\Editor\Unity.exe
-adb2
-batchMode
-noUpm
-name
AssetImportWorker1
-projectPath
E:/Unity/Kingdoms Reborn
-logFile
Logs/AssetImportWorker1.log
-srvPort
1903
Successfully changed project path to: E:/Unity/Kingdoms Reborn
E:/Unity/Kingdoms Reborn
Using Asset Import Pipeline V2.
Refreshing native plugins compatible for Editor in 53.50 ms, found 2 plugins.
Preloading 0 native plugins for Editor in 0.00 ms.
Initialize engine version: 2020.3.20f1 (41c4e627c95f)
[Subsystems] Discovering subsystems at path C:/Program Files/Unity/Hub/Editor/2020.3.20f1/Editor/Data/Resources/UnitySubsystems
[Subsystems] Discovering subsystems at path E:/Unity/Kingdoms Reborn/Assets
GfxDevice: creating device client; threaded=0
Direct3D:
    Version:  Direct3D 11.0 [level 11.1]
    Renderer: NVIDIA GeForce GTX 1060 3GB (ID=0x1c02)
    Vendor:   
    VRAM:     2988 MB
    Driver:   27.21.14.5671
Shader 'Custom/AdditiveTintable': fallback shader 'Particles/Additive (Soft)' not found
Initialize mono
Mono path[0] = 'C:/Program Files/Unity/Hub/Editor/2020.3.20f1/Editor/Data/Managed'
Mono path[1] = 'C:/Program Files/Unity/Hub/Editor/2020.3.20f1/Editor/Data/MonoBleedingEdge/lib/mono/unityjit'
Mono config path = 'C:/Program Files/Unity/Hub/Editor/2020.3.20f1/Editor/Data/MonoBleedingEdge/etc'
Using monoOptions --debugger-agent=transport=dt_socket,embedding=1,server=y,suspend=n,address=127.0.0.1:56580
Begin MonoManager ReloadAssembly
Registering precompiled unity dll's ...
Register platform support module: C:/Program Files/Unity/Hub/Editor/2020.3.20f1/Editor/Data/PlaybackEngines/WindowsStandaloneSupport/UnityEditor.WindowsStandalone.Extensions.dll
Registered in 0.012402 seconds.
Native extension for WindowsStandalone target not found
Refreshing native plugins compatible for Editor in 52.70 ms, found 2 plugins.
Preloading 0 native plugins for Editor in 0.00 ms.
Mono: successfully reloaded assembly
- Completed reload, in  1.267 seconds
Domain Reload Profiling:
	ReloadAssembly (1267ms)
		BeginReloadAssembly (150ms)
			ExecutionOrderSort (0ms)
			DisableScriptedObjects (0ms)
			BackupInstance (0ms)
			ReleaseScriptingObjects (0ms)
			CreateAndSetChildDomain (1ms)
		EndReloadAssembly (486ms)
			LoadAssemblies (138ms)
			RebuildTransferFunctionScriptingTraits (0ms)
			SetupTypeCache (170ms)
			ReleaseScriptCaches (0ms)
			RebuildScriptCaches (30ms)
			SetupLoadedEditorAssemblies (187ms)
				LogAssemblyErrors (0ms)
				InitializePlatformSupportModulesInManaged (5ms)
				SetLoadedEditorAssemblies (0ms)
				RefreshPlugins (53ms)
				BeforeProcessingInitializeOnLoad (14ms)
				ProcessInitializeOnLoadAttributes (86ms)
				ProcessInitializeOnLoadMethodAttributes (29ms)
				AfterProcessingInitializeOnLoad (0ms)
				EditorAssembliesLoaded (0ms)
			ExecutionOrderSort2 (0ms)
			AwakeInstancesAfterBackupRestoration (0ms)
Platform modules already initialized, skipping
Registering precompiled user dll's ...
Registered in 0.005018 seconds.
Begin MonoManager ReloadAssembly
Native extension for WindowsStandalone target not found
Refreshing native plugins compatible for Editor in 0.46 ms, found 2 plugins.
Preloading 0 native plugins for Editor in 0.00 ms.
Mono: successfully reloaded assembly
- Completed reload, in  1.483 seconds
Domain Reload Profiling:
	ReloadAssembly (1484ms)
		BeginReloadAssembly (241ms)
			ExecutionOrderSort (0ms)
			DisableScriptedObjects (4ms)
			BackupInstance (0ms)
			ReleaseScriptingObjects (0ms)
			CreateAndSetChildDomain (19ms)
		EndReloadAssembly (1128ms)
			LoadAssemblies (172ms)
			RebuildTransferFunctionScriptingTraits (0ms)
			SetupTypeCache (325ms)
			ReleaseScriptCaches (1ms)
			RebuildScriptCaches (45ms)
			SetupLoadedEditorAssemblies (536ms)
				LogAssemblyErrors (0ms)
				InitializePlatformSupportModulesInManaged (6ms)
				SetLoadedEditorAssemblies (0ms)
				RefreshPlugins (1ms)
				BeforeProcessingInitializeOnLoad (121ms)
				ProcessInitializeOnLoadAttributes (362ms)
				ProcessInitializeOnLoadMethodAttributes (6ms)
				AfterProcessingInitializeOnLoad (40ms)
				EditorAssembliesLoaded (0ms)
			ExecutionOrderSort2 (0ms)
			AwakeInstancesAfterBackupRestoration (6ms)
Platform modules already initialized, skipping
========================================================================
Worker process is ready to serve import requests
Shader 'Custom/AdditiveTintable': fallback shader 'Particles/Additive (Soft)' not found
Launched and connected shader compiler UnityShaderCompiler.exe after 0.11 seconds
Refreshing native plugins compatible for Editor in 0.48 ms, found 2 plugins.
Preloading 0 native plugins for Editor in 0.00 ms.
Unloading 1633 Unused Serialized files (Serialized files now loaded: 0)
System memory in use before: 99.2 MB.
System memory in use after: 99.3 MB.

Unloading 16 unused Assets to reduce memory usage. Loaded Objects now: 2098.
Total: 4.233300 ms (FindLiveObjects: 0.228000 ms CreateObjectMapping: 0.313600 ms MarkObjects: 3.593300 ms  DeleteObjects: 0.097000 ms)

AssetImportParameters requested are different than current active one (requested -> active):
  custom:framework-win-MediaFoundation: 216162199b28c13a410421893ffa2e32 -> 
  custom:video-decoder-ogg-theora: a1e56fd34408186e4bbccfd4996cb3dc -> 
  custom:container-muxer-webm: aa71ff27fc2769a1b78a27578f13a17b -> 
  custom:container-demuxer-webm: 4f35f7cbe854078d1ac9338744f61a02 -> 
  custom:container-demuxer-ogg: 62fdf1f143b41e24485cea50d1cbac27 -> 
  custom:video-encoder-webm-vp8: eb34c28f22e8b96e1ab97ce403110664 -> 
  custom:video-codec-MediaFoundation-h265: 746d11721c4dcdbdad8f713fa42b33f4 -> 
  custom:video-decoder-webm-vp8: 9c59270c3fd7afecdb556c50c9e8de78 -> 
  custom:audio-decoder-ogg-vorbis: bf7c407c2cedff20999df2af8eb42d56 -> 
  custom:audio-encoder-webm-vorbis: bf7c407c2cedff20999df2af8eb42d56 -> 
========================================================================
Received Import Request.
  path: Assets/Prefabs/Game/_GameManager.prefab
  artifactKey: Guid(3f9a5157eb52fe345af52896cba1079d) Importer(815301076,1909f56bfc062723c751e8b465ee728b)
Start importing Assets/Prefabs/Game/_GameManager.prefab using Guid(3f9a5157eb52fe345af52896cba1079d) Importer(815301076,1909f56bfc062723c751e8b465ee728b)  -> (artifact id: 'ddb159ec89eda98b34007a639208c64f') in 1.577493 seconds 
  Import took 1.648812 seconds .

========================================================================
Received Prepare
Registering precompiled user dll's ...
Registered in 0.003744 seconds.
Begin MonoManager ReloadAssembly
Native extension for WindowsStandalone target not found
Refreshing native plugins compatible for Editor in 0.51 ms, found 2 plugins.
Preloading 0 native plugins for Editor in 0.00 ms.
Mono: successfully reloaded assembly
- Completed reload, in  1.254 seconds
Domain Reload Profiling:
	ReloadAssembly (1254ms)
		BeginReloadAssembly (203ms)
			ExecutionOrderSort (0ms)
			DisableScriptedObjects (6ms)
			BackupInstance (0ms)
			ReleaseScriptingObjects (0ms)
			CreateAndSetChildDomain (40ms)
		EndReloadAssembly (940ms)
			LoadAssemblies (172ms)
			RebuildTransferFunctionScriptingTraits (0ms)
			SetupTypeCache (301ms)
			ReleaseScriptCaches (1ms)
			RebuildScriptCaches (37ms)
			SetupLoadedEditorAssemblies (379ms)
				LogAssemblyErrors (0ms)
				InitializePlatformSupportModulesInManaged (7ms)
				SetLoadedEditorAssemblies (0ms)
				RefreshPlugins (1ms)
				BeforeProcessingInitializeOnLoad (123ms)
				ProcessInitializeOnLoadAttributes (202ms)
				ProcessInitializeOnLoadMethodAttributes (4ms)
				AfterProcessingInitializeOnLoad (42ms)
				EditorAssembliesLoaded (0ms)
			ExecutionOrderSort2 (0ms)
			AwakeInstancesAfterBackupRestoration (6ms)
Platform modules already initialized, skipping
Shader 'Custom/AdditiveTintable': fallback shader 'Particles/Additive (Soft)' not found
Refreshing native plugins compatible for Editor in 0.53 ms, found 2 plugins.
Preloading 0 native plugins for Editor in 0.00 ms.
Unloading 1593 Unused Serialized files (Serialized files now loaded: 0)
System memory in use before: 95.6 MB.
System memory in use after: 95.8 MB.

Unloading 11 unused Assets to reduce memory usage. Loaded Objects now: 2100.
Total: 2.930200 ms (FindLiveObjects: 0.153300 ms CreateObjectMapping: 0.055200 ms MarkObjects: 2.705300 ms  DeleteObjects: 0.015200 ms)

AssetImportParameters requested are different than current active one (requested -> active):
  custom:framework-win-MediaFoundation: 216162199b28c13a410421893ffa2e32 -> 
  custom:video-decoder-ogg-theora: a1e56fd34408186e4bbccfd4996cb3dc -> 
  custom:container-muxer-webm: aa71ff27fc2769a1b78a27578f13a17b -> 
  custom:container-demuxer-webm: 4f35f7cbe854078d1ac9338744f61a02 -> 
  custom:container-demuxer-ogg: 62fdf1f143b41e24485cea50d1cbac27 -> 
  custom:video-encoder-webm-vp8: eb34c28f22e8b96e1ab97ce403110664 -> 
  custom:video-codec-MediaFoundation-h265: 746d11721c4dcdbdad8f713fa42b33f4 -> 
  custom:video-decoder-webm-vp8: 9c59270c3fd7afecdb556c50c9e8de78 -> 
  custom:audio-decoder-ogg-vorbis: bf7c407c2cedff20999df2af8eb42d56 -> 
  custom:audio-encoder-webm-vorbis: bf7c407c2cedff20999df2af8eb42d56 -> 
========================================================================
Received Prepare
Registering precompiled user dll's ...
Registered in 0.003401 seconds.
Begin MonoManager ReloadAssembly
Native extension for WindowsStandalone target not found
Refreshing native plugins compatible for Editor in 0.47 ms, found 2 plugins.
Preloading 0 native plugins for Editor in 0.00 ms.
Mono: successfully reloaded assembly
- Completed reload, in  1.228 seconds
Domain Reload Profiling:
	ReloadAssembly (1228ms)
		BeginReloadAssembly (189ms)
			ExecutionOrderSort (0ms)
			DisableScriptedObjects (6ms)
			BackupInstance (0ms)
			ReleaseScriptingObjects (0ms)
			CreateAndSetChildDomain (30ms)
		EndReloadAssembly (926ms)
			LoadAssemblies (171ms)
			RebuildTransferFunctionScriptingTraits (0ms)
			SetupTypeCache (299ms)
			ReleaseScriptCaches (1ms)
			RebuildScriptCaches (38ms)
			SetupLoadedEditorAssemblies (374ms)
				LogAssemblyErrors (0ms)
				InitializePlatformSupportModulesInManaged (6ms)
				SetLoadedEditorAssemblies (0ms)
				RefreshPlugins (1ms)
				BeforeProcessingInitializeOnLoad (114ms)
				ProcessInitializeOnLoadAttributes (205ms)
				ProcessInitializeOnLoadMethodAttributes (5ms)
				AfterProcessingInitializeOnLoad (42ms)
				EditorAssembliesLoaded (0ms)
			ExecutionOrderSort2 (0ms)
			AwakeInstancesAfterBackupRestoration (6ms)
Platform modules already initialized, skipping
Shader 'Custom/AdditiveTintable': fallback shader 'Particles/Additive (Soft)' not found
Refreshing native plugins compatible for Editor in 0.75 ms, found 2 plugins.
Preloading 0 native plugins for Editor in 0.00 ms.
Unloading 1593 Unused Serialized files (Serialized files now loaded: 0)
System memory in use before: 95.7 MB.
System memory in use after: 95.8 MB.

Unloading 11 unused Assets to reduce memory usage. Loaded Objects now: 2102.
Total: 2.360200 ms (FindLiveObjects: 0.149400 ms CreateObjectMapping: 0.050800 ms MarkObjects: 2.137200 ms  DeleteObjects: 0.022100 ms)

AssetImportParameters requested are different than current active one (requested -> active):
  custom:framework-win-MediaFoundation: 216162199b28c13a410421893ffa2e32 -> 
  custom:video-decoder-ogg-theora: a1e56fd34408186e4bbccfd4996cb3dc -> 
  custom:container-muxer-webm: aa71ff27fc2769a1b78a27578f13a17b -> 
  custom:container-demuxer-webm: 4f35f7cbe854078d1ac9338744f61a02 -> 
  custom:container-demuxer-ogg: 62fdf1f143b41e24485cea50d1cbac27 -> 
  custom:video-encoder-webm-vp8: eb34c28f22e8b96e1ab97ce403110664 -> 
  custom:video-codec-MediaFoundation-h265: 746d11721c4dcdbdad8f713fa42b33f4 -> 
  custom:video-decoder-webm-vp8: 9c59270c3fd7afecdb556c50c9e8de78 -> 
  custom:audio-decoder-ogg-vorbis: bf7c407c2cedff20999df2af8eb42d56 -> 
  custom:audio-encoder-webm-vorbis: bf7c407c2cedff20999df2af8eb42d56 -> 
========================================================================
Received Prepare
Registering precompiled user dll's ...
Registered in 0.003745 seconds.
Begin MonoManager ReloadAssembly
Native extension for WindowsStandalone target not found
Refreshing native plugins compatible for Editor in 0.51 ms, found 2 plugins.
Preloading 0 native plugins for Editor in 0.00 ms.
Mono: successfully reloaded assembly
- Completed reload, in  1.079 seconds
Domain Reload Profiling:
	ReloadAssembly (1079ms)
		BeginReloadAssembly (164ms)
			ExecutionOrderSort (0ms)
			DisableScriptedObjects (4ms)
			BackupInstance (0ms)
			ReleaseScriptingObjects (0ms)
			CreateAndSetChildDomain (27ms)
		EndReloadAssembly (816ms)
			LoadAssemblies (148ms)
			RebuildTransferFunctionScriptingTraits (0ms)
			SetupTypeCache (267ms)
			ReleaseScriptCaches (1ms)
			RebuildScriptCaches (34ms)
			SetupLoadedEditorAssemblies (317ms)
				LogAssemblyErrors (0ms)
				InitializePlatformSupportModulesInManaged (6ms)
				SetLoadedEditorAssemblies (0ms)
				RefreshPlugins (1ms)
				BeforeProcessingInitializeOnLoad (102ms)
				ProcessInitializeOnLoadAttributes (167ms)
				ProcessInitializeOnLoadMethodAttributes (4ms)
				AfterProcessingInitializeOnLoad (38ms)
				EditorAssembliesLoaded (0ms)
			ExecutionOrderSort2 (0ms)
			AwakeInstancesAfterBackupRestoration (6ms)
Platform modules already initialized, skipping
Shader 'Custom/AdditiveTintable': fallback shader 'Particles/Additive (Soft)' not found
Refreshing native plugins compatible for Editor in 0.46 ms, found 2 plugins.
Preloading 0 native plugins for Editor in 0.00 ms.
Unloading 1593 Unused Serialized files (Serialized files now loaded: 0)
System memory in use before: 95.7 MB.
System memory in use after: 95.8 MB.

Unloading 11 unused Assets to reduce memory usage. Loaded Objects now: 2104.
Total: 2.587200 ms (FindLiveObjects: 0.184500 ms CreateObjectMapping: 0.065300 ms MarkObjects: 2.318000 ms  DeleteObjects: 0.018400 ms)

AssetImportParameters requested are different than current active one (requested -> active):
  custom:framework-win-MediaFoundation: 216162199b28c13a410421893ffa2e32 -> 
  custom:video-decoder-ogg-theora: a1e56fd34408186e4bbccfd4996cb3dc -> 
  custom:container-muxer-webm: aa71ff27fc2769a1b78a27578f13a17b -> 
  custom:container-demuxer-webm: 4f35f7cbe854078d1ac9338744f61a02 -> 
  custom:container-demuxer-ogg: 62fdf1f143b41e24485cea50d1cbac27 -> 
  custom:video-encoder-webm-vp8: eb34c28f22e8b96e1ab97ce403110664 -> 
  custom:video-codec-MediaFoundation-h265: 746d11721c4dcdbdad8f713fa42b33f4 -> 
  custom:video-decoder-webm-vp8: 9c59270c3fd7afecdb556c50c9e8de78 -> 
  custom:audio-decoder-ogg-vorbis: bf7c407c2cedff20999df2af8eb42d56 -> 
  custom:audio-encoder-webm-vorbis: bf7c407c2cedff20999df2af8eb42d56 -> 
========================================================================
Received Import Request.
  Time since last request: 572.624428 seconds.
  path: Assets/Prefabs/Units_AI/Taros/Temple/TempleUnitAI.prefab
  artifactKey: Guid(2714bf4cb3f41fe4b9336b107f008c89) Importer(815301076,1909f56bfc062723c751e8b465ee728b)
Start importing Assets/Prefabs/Units_AI/Taros/Temple/TempleUnitAI.prefab using Guid(2714bf4cb3f41fe4b9336b107f008c89) Importer(815301076,1909f56bfc062723c751e8b465ee728b)  -> (artifact id: '3440039847bcbf1f82e22f0515776ce6') in 0.161431 seconds 
  Import took 0.173816 seconds .

========================================================================
Received Import Request.
  Time since last request: 8.041505 seconds.
  path: Assets/Prefabs/Units_AI/Taros/Temple/TempleAI.prefab
  artifactKey: Guid(ffa7800e297715841a0ff0ff70c3bdd0) Importer(815301076,1909f56bfc062723c751e8b465ee728b)
Start importing Assets/Prefabs/Units_AI/Taros/Temple/TempleAI.prefab using Guid(ffa7800e297715841a0ff0ff70c3bdd0) Importer(815301076,1909f56bfc062723c751e8b465ee728b)  -> (artifact id: '935cc5cacaf32aec6105fb97cad24f27') in 0.340556 seconds 
  Import took 0.371432 seconds .

========================================================================
Received Import Request.
  Time since last request: 15.879162 seconds.
  path: Assets/Prefabs/Units_AI/Taros/Abyss/AbyssUnitAI.prefab
  artifactKey: Guid(33d96e9217c545f4ab5e30ab781e2340) Importer(815301076,1909f56bfc062723c751e8b465ee728b)
Start importing Assets/Prefabs/Units_AI/Taros/Abyss/AbyssUnitAI.prefab using Guid(33d96e9217c545f4ab5e30ab781e2340) Importer(815301076,1909f56bfc062723c751e8b465ee728b)  -> (artifact id: '62b66e890d8adda15da0dce11c550a6e') in 0.277987 seconds 
  Import took 0.299789 seconds .

========================================================================
Received Import Request.
  Time since last request: 4.041690 seconds.
  path: Assets/Prefabs/Units_AI/Taros/Abyss/AbyssAI.prefab
  artifactKey: Guid(82c105e062937184dbdd03b8790d42f2) Importer(815301076,1909f56bfc062723c751e8b465ee728b)
Start importing Assets/Prefabs/Units_AI/Taros/Abyss/AbyssAI.prefab using Guid(82c105e062937184dbdd03b8790d42f2) Importer(815301076,1909f56bfc062723c751e8b465ee728b)  -> (artifact id: '0fa7005c4822cc8a36fbd35b55642e2a') in 0.039471 seconds 
  Import took 0.054120 seconds .

========================================================================
Received Import Request.
  Time since last request: 21.229834 seconds.
  path: Assets/Prefabs/Units_AI/Taros/cabal/CabalAI.prefab
  artifactKey: Guid(e4ea289e3d489664c8fd2351d7f2d46e) Importer(815301076,1909f56bfc062723c751e8b465ee728b)
Start importing Assets/Prefabs/Units_AI/Taros/cabal/CabalAI.prefab using Guid(e4ea289e3d489664c8fd2351d7f2d46e) Importer(815301076,1909f56bfc062723c751e8b465ee728b)  -> (artifact id: '4fd62b7148753724f6215491c9a8549c') in 0.893004 seconds 
  Import took 0.920205 seconds .

========================================================================
Received Import Request.
  Time since last request: 29.062530 seconds.
  path: Assets/Prefabs/Units_AI/Taros/Blade Demon/BladeDemonUnitAI.prefab
  artifactKey: Guid(cf42b1f8c1a1c5c4bb46ec4442a147c2) Importer(815301076,1909f56bfc062723c751e8b465ee728b)
Start importing Assets/Prefabs/Units_AI/Taros/Blade Demon/BladeDemonUnitAI.prefab using Guid(cf42b1f8c1a1c5c4bb46ec4442a147c2) Importer(815301076,1909f56bfc062723c751e8b465ee728b)  -> (artifact id: '2faa9fb3b91f7a3c776cc1d0aa6d0899') in 0.204877 seconds 
  Import took 0.225815 seconds .

========================================================================
Received Import Request.
  Time since last request: 4.195199 seconds.
  path: Assets/Prefabs/Units_AI/Taros/Blade Demon/BladeDemonUnitAI 1.prefab
  artifactKey: Guid(afbe85b9224c5c448bfdc9cc4355bc57) Importer(815301076,1909f56bfc062723c751e8b465ee728b)
Start importing Assets/Prefabs/Units_AI/Taros/Blade Demon/BladeDemonUnitAI 1.prefab using Guid(afbe85b9224c5c448bfdc9cc4355bc57) Importer(815301076,1909f56bfc062723c751e8b465ee728b)  -> (artifact id: '16dc9a601b0009ddf94e38af4920cb38') in 0.029436 seconds 
  Import took 0.076913 seconds .

========================================================================
Received Import Request.
  Time since last request: 12.202109 seconds.
  path: Assets/Prefabs/Units_AI/Taros/Blade Demon/BladeDemonAI.prefab
  artifactKey: Guid(7c2294893ec779e449a6d66f7b605d1e) Importer(815301076,1909f56bfc062723c751e8b465ee728b)
Start importing Assets/Prefabs/Units_AI/Taros/Blade Demon/BladeDemonAI.prefab using Guid(7c2294893ec779e449a6d66f7b605d1e) Importer(815301076,1909f56bfc062723c751e8b465ee728b)  -> (artifact id: '8ea5b4d378bee4c4a17c2235254d9c78') in 0.043313 seconds 
  Import took 0.048053 seconds .

========================================================================
Received Import Request.
  Time since last request: 61.196313 seconds.
  path: Assets/Prefabs/Special/effects/fires/SmallFire.prefab
  artifactKey: Guid(a4149e521b8ddce409e95de6ccd569ba) Importer(815301076,1909f56bfc062723c751e8b465ee728b)
Start importing Assets/Prefabs/Special/effects/fires/SmallFire.prefab using Guid(a4149e521b8ddce409e95de6ccd569ba) Importer(815301076,1909f56bfc062723c751e8b465ee728b)  -> (artifact id: '2e25d738b03e315a78c4c0e4260f3baa') in 0.022964 seconds 
  Import took 0.080100 seconds .

========================================================================
Received Import Request.
  Time since last request: 36.429365 seconds.
  path: Assets/Prefabs/Units/Aramon/barracks/barracks.prefab
  artifactKey: Guid(c72e64b65a195614e852f838f4dfeaba) Importer(815301076,1909f56bfc062723c751e8b465ee728b)
Start importing Assets/Prefabs/Units/Aramon/barracks/barracks.prefab using Guid(c72e64b65a195614e852f838f4dfeaba) Importer(815301076,1909f56bfc062723c751e8b465ee728b)  -> (artifact id: '9e2aa6b94233fd20598ca893e5f5b03b') in 1.343081 seconds 
  Import took 1.372239 seconds .

========================================================================
Received Prepare
Registering precompiled user dll's ...
Registered in 0.003534 seconds.
Begin MonoManager ReloadAssembly
Native extension for WindowsStandalone target not found
Refreshing native plugins compatible for Editor in 0.47 ms, found 2 plugins.
Preloading 0 native plugins for Editor in 0.00 ms.
Mono: successfully reloaded assembly
- Completed reload, in  1.337 seconds
Domain Reload Profiling:
	ReloadAssembly (1337ms)
		BeginReloadAssembly (181ms)
			ExecutionOrderSort (0ms)
			DisableScriptedObjects (4ms)
			BackupInstance (0ms)
			ReleaseScriptingObjects (0ms)
			CreateAndSetChildDomain (30ms)
		EndReloadAssembly (1052ms)
			LoadAssemblies (152ms)
			RebuildTransferFunctionScriptingTraits (0ms)
			SetupTypeCache (487ms)
			ReleaseScriptCaches (1ms)
			RebuildScriptCaches (34ms)
			SetupLoadedEditorAssemblies (329ms)
				LogAssemblyErrors (0ms)
				InitializePlatformSupportModulesInManaged (7ms)
				SetLoadedEditorAssemblies (0ms)
				RefreshPlugins (1ms)
				BeforeProcessingInitializeOnLoad (114ms)
				ProcessInitializeOnLoadAttributes (168ms)
				ProcessInitializeOnLoadMethodAttributes (4ms)
				AfterProcessingInitializeOnLoad (36ms)
				EditorAssembliesLoaded (0ms)
			ExecutionOrderSort2 (0ms)
			AwakeInstancesAfterBackupRestoration (6ms)
Platform modules already initialized, skipping
Shader 'Custom/AdditiveTintable': fallback shader 'Particles/Additive (Soft)' not found
Refreshing native plugins compatible for Editor in 0.47 ms, found 2 plugins.
Preloading 0 native plugins for Editor in 0.00 ms.
Unloading 1593 Unused Serialized files (Serialized files now loaded: 0)
System memory in use before: 113.7 MB.
System memory in use after: 113.8 MB.

Unloading 13 unused Assets to reduce memory usage. Loaded Objects now: 2115.
Total: 3.193400 ms (FindLiveObjects: 0.158300 ms CreateObjectMapping: 0.055800 ms MarkObjects: 2.898500 ms  DeleteObjects: 0.079300 ms)

AssetImportParameters requested are different than current active one (requested -> active):
  custom:framework-win-MediaFoundation: 216162199b28c13a410421893ffa2e32 -> 
  custom:video-decoder-ogg-theora: a1e56fd34408186e4bbccfd4996cb3dc -> 
  custom:container-muxer-webm: aa71ff27fc2769a1b78a27578f13a17b -> 
  custom:container-demuxer-webm: 4f35f7cbe854078d1ac9338744f61a02 -> 
  custom:container-demuxer-ogg: 62fdf1f143b41e24485cea50d1cbac27 -> 
  custom:video-encoder-webm-vp8: eb34c28f22e8b96e1ab97ce403110664 -> 
  custom:video-codec-MediaFoundation-h265: 746d11721c4dcdbdad8f713fa42b33f4 -> 
  custom:video-decoder-webm-vp8: 9c59270c3fd7afecdb556c50c9e8de78 -> 
  custom:audio-decoder-ogg-vorbis: bf7c407c2cedff20999df2af8eb42d56 -> 
  custom:audio-encoder-webm-vorbis: bf7c407c2cedff20999df2af8eb42d56 -> 
========================================================================
Received Prepare
Registering precompiled user dll's ...
Registered in 0.006211 seconds.
Begin MonoManager ReloadAssembly
Native extension for WindowsStandalone target not found
Refreshing native plugins compatible for Editor in 0.47 ms, found 2 plugins.
Preloading 0 native plugins for Editor in 0.00 ms.
Mono: successfully reloaded assembly
- Completed reload, in  1.104 seconds
Domain Reload Profiling:
	ReloadAssembly (1104ms)
		BeginReloadAssembly (177ms)
			ExecutionOrderSort (0ms)
			DisableScriptedObjects (4ms)
			BackupInstance (0ms)
			ReleaseScriptingObjects (0ms)
			CreateAndSetChildDomain (27ms)
		EndReloadAssembly (828ms)
			LoadAssemblies (153ms)
			RebuildTransferFunctionScriptingTraits (0ms)
			SetupTypeCache (266ms)
			ReleaseScriptCaches (1ms)
			RebuildScriptCaches (34ms)
			SetupLoadedEditorAssemblies (328ms)
				LogAssemblyErrors (0ms)
				InitializePlatformSupportModulesInManaged (6ms)
				SetLoadedEditorAssemblies (0ms)
				RefreshPlugins (1ms)
				BeforeProcessingInitializeOnLoad (107ms)
				ProcessInitializeOnLoadAttributes (171ms)
				ProcessInitializeOnLoadMethodAttributes (4ms)
				AfterProcessingInitializeOnLoad (39ms)
				EditorAssembliesLoaded (0ms)
			ExecutionOrderSort2 (0ms)
			AwakeInstancesAfterBackupRestoration (6ms)
Platform modules already initialized, skipping
Shader 'Custom/AdditiveTintable': fallback shader 'Particles/Additive (Soft)' not found
Refreshing native plugins compatible for Editor in 0.48 ms, found 2 plugins.
Preloading 0 native plugins for Editor in 0.00 ms.
Unloading 1593 Unused Serialized files (Serialized files now loaded: 0)
System memory in use before: 113.7 MB.
System memory in use after: 113.8 MB.

Unloading 11 unused Assets to reduce memory usage. Loaded Objects now: 2117.
Total: 2.629300 ms (FindLiveObjects: 0.232200 ms CreateObjectMapping: 0.085600 ms MarkObjects: 2.295900 ms  DeleteObjects: 0.014700 ms)

AssetImportParameters requested are different than current active one (requested -> active):
  custom:framework-win-MediaFoundation: 216162199b28c13a410421893ffa2e32 -> 
  custom:video-decoder-ogg-theora: a1e56fd34408186e4bbccfd4996cb3dc -> 
  custom:container-muxer-webm: aa71ff27fc2769a1b78a27578f13a17b -> 
  custom:container-demuxer-webm: 4f35f7cbe854078d1ac9338744f61a02 -> 
  custom:container-demuxer-ogg: 62fdf1f143b41e24485cea50d1cbac27 -> 
  custom:video-encoder-webm-vp8: eb34c28f22e8b96e1ab97ce403110664 -> 
  custom:video-codec-MediaFoundation-h265: 746d11721c4dcdbdad8f713fa42b33f4 -> 
  custom:video-decoder-webm-vp8: 9c59270c3fd7afecdb556c50c9e8de78 -> 
  custom:audio-decoder-ogg-vorbis: bf7c407c2cedff20999df2af8eb42d56 -> 
  custom:audio-encoder-webm-vorbis: bf7c407c2cedff20999df2af8eb42d56 -> 
========================================================================
Received Prepare
Registering precompiled user dll's ...
Registered in 0.007424 seconds.
Begin MonoManager ReloadAssembly
Native extension for WindowsStandalone target not found
Refreshing native plugins compatible for Editor in 0.46 ms, found 2 plugins.
Preloading 0 native plugins for Editor in 0.00 ms.
Mono: successfully reloaded assembly
- Completed reload, in  1.140 seconds
Domain Reload Profiling:
	ReloadAssembly (1140ms)
		BeginReloadAssembly (169ms)
			ExecutionOrderSort (0ms)
			DisableScriptedObjects (4ms)
			BackupInstance (0ms)
			ReleaseScriptingObjects (0ms)
			CreateAndSetChildDomain (26ms)
		EndReloadAssembly (871ms)
			LoadAssemblies (150ms)
			RebuildTransferFunctionScriptingTraits (0ms)
			SetupTypeCache (259ms)
			ReleaseScriptCaches (1ms)
			RebuildScriptCaches (36ms)
			SetupLoadedEditorAssemblies (375ms)
				LogAssemblyErrors (0ms)
				InitializePlatformSupportModulesInManaged (6ms)
				SetLoadedEditorAssemblies (0ms)
				RefreshPlugins (1ms)
				BeforeProcessingInitializeOnLoad (111ms)
				ProcessInitializeOnLoadAttributes (216ms)
				ProcessInitializeOnLoadMethodAttributes (4ms)
				AfterProcessingInitializeOnLoad (37ms)
				EditorAssembliesLoaded (0ms)
			ExecutionOrderSort2 (0ms)
			AwakeInstancesAfterBackupRestoration (6ms)
Platform modules already initialized, skipping
Shader 'Custom/AdditiveTintable': fallback shader 'Particles/Additive (Soft)' not found
Refreshing native plugins compatible for Editor in 0.49 ms, found 2 plugins.
Preloading 0 native plugins for Editor in 0.00 ms.
Unloading 1593 Unused Serialized files (Serialized files now loaded: 0)
System memory in use before: 113.7 MB.
System memory in use after: 113.8 MB.

Unloading 11 unused Assets to reduce memory usage. Loaded Objects now: 2119.
Total: 2.399900 ms (FindLiveObjects: 0.154100 ms CreateObjectMapping: 0.054400 ms MarkObjects: 2.176100 ms  DeleteObjects: 0.014300 ms)

AssetImportParameters requested are different than current active one (requested -> active):
  custom:framework-win-MediaFoundation: 216162199b28c13a410421893ffa2e32 -> 
  custom:video-decoder-ogg-theora: a1e56fd34408186e4bbccfd4996cb3dc -> 
  custom:container-muxer-webm: aa71ff27fc2769a1b78a27578f13a17b -> 
  custom:container-demuxer-webm: 4f35f7cbe854078d1ac9338744f61a02 -> 
  custom:container-demuxer-ogg: 62fdf1f143b41e24485cea50d1cbac27 -> 
  custom:video-encoder-webm-vp8: eb34c28f22e8b96e1ab97ce403110664 -> 
  custom:video-codec-MediaFoundation-h265: 746d11721c4dcdbdad8f713fa42b33f4 -> 
  custom:video-decoder-webm-vp8: 9c59270c3fd7afecdb556c50c9e8de78 -> 
  custom:audio-decoder-ogg-vorbis: bf7c407c2cedff20999df2af8eb42d56 -> 
  custom:audio-encoder-webm-vorbis: bf7c407c2cedff20999df2af8eb42d56 -> 
========================================================================
Received Prepare
Registering precompiled user dll's ...
Registered in 0.003464 seconds.
Begin MonoManager ReloadAssembly
Native extension for WindowsStandalone target not found
Refreshing native plugins compatible for Editor in 0.47 ms, found 2 plugins.
Preloading 0 native plugins for Editor in 0.00 ms.
Mono: successfully reloaded assembly
- Completed reload, in  1.088 seconds
Domain Reload Profiling:
	ReloadAssembly (1088ms)
		BeginReloadAssembly (172ms)
			ExecutionOrderSort (0ms)
			DisableScriptedObjects (4ms)
			BackupInstance (0ms)
			ReleaseScriptingObjects (0ms)
			CreateAndSetChildDomain (26ms)
		EndReloadAssembly (814ms)
			LoadAssemblies (148ms)
			RebuildTransferFunctionScriptingTraits (0ms)
			SetupTypeCache (261ms)
			ReleaseScriptCaches (1ms)
			RebuildScriptCaches (33ms)
			SetupLoadedEditorAssemblies (325ms)
				LogAssemblyErrors (0ms)
				InitializePlatformSupportModulesInManaged (6ms)
				SetLoadedEditorAssemblies (0ms)
				RefreshPlugins (1ms)
				BeforeProcessingInitializeOnLoad (105ms)
				ProcessInitializeOnLoadAttributes (170ms)
				ProcessInitializeOnLoadMethodAttributes (4ms)
				AfterProcessingInitializeOnLoad (38ms)
				EditorAssembliesLoaded (0ms)
			ExecutionOrderSort2 (0ms)
			AwakeInstancesAfterBackupRestoration (6ms)
Platform modules already initialized, skipping
Shader 'Custom/AdditiveTintable': fallback shader 'Particles/Additive (Soft)' not found
Refreshing native plugins compatible for Editor in 0.47 ms, found 2 plugins.
Preloading 0 native plugins for Editor in 0.00 ms.
Unloading 1593 Unused Serialized files (Serialized files now loaded: 0)
System memory in use before: 113.7 MB.
System memory in use after: 113.9 MB.

Unloading 11 unused Assets to reduce memory usage. Loaded Objects now: 2121.
Total: 2.380700 ms (FindLiveObjects: 0.157200 ms CreateObjectMapping: 0.055200 ms MarkObjects: 2.153500 ms  DeleteObjects: 0.014000 ms)

AssetImportParameters requested are different than current active one (requested -> active):
  custom:framework-win-MediaFoundation: 216162199b28c13a410421893ffa2e32 -> 
  custom:video-decoder-ogg-theora: a1e56fd34408186e4bbccfd4996cb3dc -> 
  custom:container-muxer-webm: aa71ff27fc2769a1b78a27578f13a17b -> 
  custom:container-demuxer-webm: 4f35f7cbe854078d1ac9338744f61a02 -> 
  custom:container-demuxer-ogg: 62fdf1f143b41e24485cea50d1cbac27 -> 
  custom:video-encoder-webm-vp8: eb34c28f22e8b96e1ab97ce403110664 -> 
  custom:video-codec-MediaFoundation-h265: 746d11721c4dcdbdad8f713fa42b33f4 -> 
  custom:video-decoder-webm-vp8: 9c59270c3fd7afecdb556c50c9e8de78 -> 
  custom:audio-decoder-ogg-vorbis: bf7c407c2cedff20999df2af8eb42d56 -> 
  custom:audio-encoder-webm-vorbis: bf7c407c2cedff20999df2af8eb42d56 -> 
========================================================================
Received Prepare
Registering precompiled user dll's ...
Registered in 0.003632 seconds.
Begin MonoManager ReloadAssembly
Native extension for WindowsStandalone target not found
Refreshing native plugins compatible for Editor in 0.47 ms, found 2 plugins.
Preloading 0 native plugins for Editor in 0.00 ms.
Mono: successfully reloaded assembly
- Completed reload, in  1.121 seconds
Domain Reload Profiling:
	ReloadAssembly (1122ms)
		BeginReloadAssembly (194ms)
			ExecutionOrderSort (0ms)
			DisableScriptedObjects (4ms)
			BackupInstance (0ms)
			ReleaseScriptingObjects (0ms)
			CreateAndSetChildDomain (31ms)
		EndReloadAssembly (825ms)
			LoadAssemblies (163ms)
			RebuildTransferFunctionScriptingTraits (0ms)
			SetupTypeCache (266ms)
			ReleaseScriptCaches (1ms)
			RebuildScriptCaches (33ms)
			SetupLoadedEditorAssemblies (325ms)
				LogAssemblyErrors (0ms)
				InitializePlatformSupportModulesInManaged (6ms)
				SetLoadedEditorAssemblies (0ms)
				RefreshPlugins (1ms)
				BeforeProcessingInitializeOnLoad (108ms)
				ProcessInitializeOnLoadAttributes (168ms)
				ProcessInitializeOnLoadMethodAttributes (4ms)
				AfterProcessingInitializeOnLoad (38ms)
				EditorAssembliesLoaded (0ms)
			ExecutionOrderSort2 (0ms)
			AwakeInstancesAfterBackupRestoration (6ms)
Platform modules already initialized, skipping
Shader 'Custom/AdditiveTintable': fallback shader 'Particles/Additive (Soft)' not found
Refreshing native plugins compatible for Editor in 0.46 ms, found 2 plugins.
Preloading 0 native plugins for Editor in 0.00 ms.
Unloading 1593 Unused Serialized files (Serialized files now loaded: 0)
System memory in use before: 113.8 MB.
System memory in use after: 113.9 MB.

Unloading 11 unused Assets to reduce memory usage. Loaded Objects now: 2123.
Total: 2.397400 ms (FindLiveObjects: 0.159400 ms CreateObjectMapping: 0.053300 ms MarkObjects: 2.170300 ms  DeleteObjects: 0.013100 ms)

AssetImportParameters requested are different than current active one (requested -> active):
  custom:framework-win-MediaFoundation: 216162199b28c13a410421893ffa2e32 -> 
  custom:video-decoder-ogg-theora: a1e56fd34408186e4bbccfd4996cb3dc -> 
  custom:container-muxer-webm: aa71ff27fc2769a1b78a27578f13a17b -> 
  custom:container-demuxer-webm: 4f35f7cbe854078d1ac9338744f61a02 -> 
  custom:container-demuxer-ogg: 62fdf1f143b41e24485cea50d1cbac27 -> 
  custom:video-encoder-webm-vp8: eb34c28f22e8b96e1ab97ce403110664 -> 
  custom:video-codec-MediaFoundation-h265: 746d11721c4dcdbdad8f713fa42b33f4 -> 
  custom:video-decoder-webm-vp8: 9c59270c3fd7afecdb556c50c9e8de78 -> 
  custom:audio-decoder-ogg-vorbis: bf7c407c2cedff20999df2af8eb42d56 -> 
  custom:audio-encoder-webm-vorbis: bf7c407c2cedff20999df2af8eb42d56 -> 
========================================================================
Received Import Request.
  Time since last request: 3152.275028 seconds.
  path: Assets/Models/Units/Aramon/barracks/barracks_v3.fbx
  artifactKey: Guid(4813ba564a0615f4ca2eaa0ad9147629) Importer(815301076,1909f56bfc062723c751e8b465ee728b)
Start importing Assets/Models/Units/Aramon/barracks/barracks_v3.fbx using Guid(4813ba564a0615f4ca2eaa0ad9147629) Importer(815301076,1909f56bfc062723c751e8b465ee728b)  -> (artifact id: '000be607fe8c005fdebe9319e77cd3ca') in 0.870604 seconds 
  Import took 1.022321 seconds .

========================================================================
Received Import Request.
  Time since last request: 35.187125 seconds.
  path: Assets/Animation/barracks-controller.controller
  artifactKey: Guid(462e1cee731574f41b1c3a51fe964675) Importer(815301076,1909f56bfc062723c751e8b465ee728b)
Start importing Assets/Animation/barracks-controller.controller using Guid(462e1cee731574f41b1c3a51fe964675) Importer(815301076,1909f56bfc062723c751e8b465ee728b)  -> (artifact id: 'b80894c0a1d3b1d3762a757efcf8ab35') in 0.016207 seconds 
  Import took 0.032992 seconds .

========================================================================
Received Import Request.
  Time since last request: 296.980628 seconds.
  path: Assets/Prefabs/Game/RTS Camera.prefab
  artifactKey: Guid(7979fadd7b02d1d41942fd09ff56cdf5) Importer(815301076,1909f56bfc062723c751e8b465ee728b)
Start importing Assets/Prefabs/Game/RTS Camera.prefab using Guid(7979fadd7b02d1d41942fd09ff56cdf5) Importer(815301076,1909f56bfc062723c751e8b465ee728b)  -> (artifact id: 'c90d94e56349a3dfd30d62c8c6a8606d') in 1.749541 seconds 
  Import took 1.771717 seconds .

========================================================================
Received Import Request.
  Time since last request: 14.126414 seconds.
  path: Assets/Prefabs/Special/tar-sacred-stones/TarSacredStone03.prefab
  artifactKey: Guid(9ade5cc9c6fd2dd4f9da24e48a98b2f6) Importer(815301076,1909f56bfc062723c751e8b465ee728b)
Start importing Assets/Prefabs/Special/tar-sacred-stones/TarSacredStone03.prefab using Guid(9ade5cc9c6fd2dd4f9da24e48a98b2f6) Importer(815301076,1909f56bfc062723c751e8b465ee728b)  -> (artifact id: '108b66752d548acf42bd28f7dc9fd874') in 0.214049 seconds 
  Import took 0.225665 seconds .

========================================================================
Received Import Request.
  Time since last request: 81.094646 seconds.
  path: Assets/Prefabs/Units/Aramon/barracks/barracks-ghost.prefab
  artifactKey: Guid(f6d500b00ef9f5a449f3d55fa8b6f42b) Importer(815301076,1909f56bfc062723c751e8b465ee728b)
Start importing Assets/Prefabs/Units/Aramon/barracks/barracks-ghost.prefab using Guid(f6d500b00ef9f5a449f3d55fa8b6f42b) Importer(815301076,1909f56bfc062723c751e8b465ee728b)  -> (artifact id: '2ea5ec243624172dfd79d00c511474c0') in 0.109936 seconds 
  Import took 0.135560 seconds .

========================================================================
Received Import Request.
  Time since last request: 0.000182 seconds.
  path: Assets/Prefabs/Units/Aramon/barracks/barracks.prefab
  artifactKey: Guid(c72e64b65a195614e852f838f4dfeaba) Importer(815301076,1909f56bfc062723c751e8b465ee728b)
Start importing Assets/Prefabs/Units/Aramon/barracks/barracks.prefab using Guid(c72e64b65a195614e852f838f4dfeaba) Importer(815301076,1909f56bfc062723c751e8b465ee728b)  -> (artifact id: '87c47f2271322bbf11b64a0275fbfa5e') in 0.104573 seconds 
  Import took 0.129518 seconds .

========================================================================
Received Import Request.
  Time since last request: 0.000184 seconds.
  path: Assets/Prefabs/Units/Aramon/barracks/barracks-intangible.prefab
  artifactKey: Guid(a0175edc9f4260f4695740f5d5391cc8) Importer(815301076,1909f56bfc062723c751e8b465ee728b)
Start importing Assets/Prefabs/Units/Aramon/barracks/barracks-intangible.prefab using Guid(a0175edc9f4260f4695740f5d5391cc8) Importer(815301076,1909f56bfc062723c751e8b465ee728b)  -> (artifact id: '907aa5c0c6e91d08e7fb4fc2bbec096b') in 0.098802 seconds 
  Import took 0.113163 seconds .

========================================================================
Received Import Request.
  Time since last request: 3.456567 seconds.
  path: Assets/Prefabs/Units/Aramon/barracks/Barracks 1.prefab
  artifactKey: Guid(693f325c1ed672d4c97979a17e7d6f05) Importer(815301076,1909f56bfc062723c751e8b465ee728b)
Start importing Assets/Prefabs/Units/Aramon/barracks/Barracks 1.prefab using Guid(693f325c1ed672d4c97979a17e7d6f05) Importer(815301076,1909f56bfc062723c751e8b465ee728b)  -> (artifact id: 'f7dbd90b7e6ee1a1b3978f4d47fa63e1') in 0.136656 seconds 
  Import took 0.245069 seconds .

========================================================================
Received Import Request.
  Time since last request: 41.145760 seconds.
  path: Assets/Prefabs/Units/Aramon/barracks/Barracks 1.prefab
  artifactKey: Guid(693f325c1ed672d4c97979a17e7d6f05) Importer(815301076,1909f56bfc062723c751e8b465ee728b)
Start importing Assets/Prefabs/Units/Aramon/barracks/Barracks 1.prefab using Guid(693f325c1ed672d4c97979a17e7d6f05) Importer(815301076,1909f56bfc062723c751e8b465ee728b)  -> (artifact id: '74b644712c0ae5107b904995dda3c4f0') in 0.122188 seconds 
  Import took 0.148831 seconds .

========================================================================
Received Import Request.
  Time since last request: 6.837305 seconds.
  path: Assets/Prefabs/Units/Aramon/barracks/Barracks 1.prefab
  artifactKey: Guid(693f325c1ed672d4c97979a17e7d6f05) Importer(815301076,1909f56bfc062723c751e8b465ee728b)
Start importing Assets/Prefabs/Units/Aramon/barracks/Barracks 1.prefab using Guid(693f325c1ed672d4c97979a17e7d6f05) Importer(815301076,1909f56bfc062723c751e8b465ee728b)  -> (artifact id: '8690dc504c990fefa5afb2a1a22036f6') in 0.116060 seconds 
  Import took 0.126725 seconds .

========================================================================
Received Import Request.
  Time since last request: 4.025529 seconds.
  path: Assets/Prefabs/Units/Aramon/barracks/Barracks 1.prefab
  artifactKey: Guid(693f325c1ed672d4c97979a17e7d6f05) Importer(815301076,1909f56bfc062723c751e8b465ee728b)
Start importing Assets/Prefabs/Units/Aramon/barracks/Barracks 1.prefab using Guid(693f325c1ed672d4c97979a17e7d6f05) Importer(815301076,1909f56bfc062723c751e8b465ee728b)  -> (artifact id: '9d9ee42579f2e54afdced28e9c3c1337') in 0.116335 seconds 
  Import took 0.150420 seconds .

========================================================================
Received Import Request.
  Time since last request: 6.067158 seconds.
  path: Assets/Prefabs/Units/Aramon/barracks/Barracks 1.prefab
  artifactKey: Guid(693f325c1ed672d4c97979a17e7d6f05) Importer(815301076,1909f56bfc062723c751e8b465ee728b)
Start importing Assets/Prefabs/Units/Aramon/barracks/Barracks 1.prefab using Guid(693f325c1ed672d4c97979a17e7d6f05) Importer(815301076,1909f56bfc062723c751e8b465ee728b)  -> (artifact id: '53aa2986d09fec48c6f0acf547c42f59') in 0.117831 seconds 
  Import took 0.144423 seconds .

========================================================================
Received Import Request.
  Time since last request: 16.841694 seconds.
  path: Assets/Prefabs/Units/Aramon/barracks/Barracks 1.prefab
  artifactKey: Guid(693f325c1ed672d4c97979a17e7d6f05) Importer(815301076,1909f56bfc062723c751e8b465ee728b)
Start importing Assets/Prefabs/Units/Aramon/barracks/Barracks 1.prefab using Guid(693f325c1ed672d4c97979a17e7d6f05) Importer(815301076,1909f56bfc062723c751e8b465ee728b)  -> (artifact id: '06ad955893f3f320f648e218dadc53de') in 0.121636 seconds 
  Import took 0.152235 seconds .

========================================================================
Received Import Request.
  Time since last request: 2.112809 seconds.
  path: Assets/Prefabs/Units/Aramon/barracks/Barracks 1.prefab
  artifactKey: Guid(693f325c1ed672d4c97979a17e7d6f05) Importer(815301076,1909f56bfc062723c751e8b465ee728b)
Start importing Assets/Prefabs/Units/Aramon/barracks/Barracks 1.prefab using Guid(693f325c1ed672d4c97979a17e7d6f05) Importer(815301076,1909f56bfc062723c751e8b465ee728b)  -> (artifact id: '15409fbad0fed88e8ca2b8fd62f5eb78') in 0.113595 seconds 
  Import took 0.123488 seconds .

========================================================================
Received Import Request.
  Time since last request: 21.462662 seconds.
  path: Assets/Prefabs/Units/Aramon/barracks/Barracks 1.prefab
  artifactKey: Guid(693f325c1ed672d4c97979a17e7d6f05) Importer(815301076,1909f56bfc062723c751e8b465ee728b)
Start importing Assets/Prefabs/Units/Aramon/barracks/Barracks 1.prefab using Guid(693f325c1ed672d4c97979a17e7d6f05) Importer(815301076,1909f56bfc062723c751e8b465ee728b)  -> (artifact id: '356463cb9027a792f83a0a1dbcd77303') in 0.130218 seconds 
  Import took 0.151658 seconds .

========================================================================
Received Import Request.
  Time since last request: 6.841523 seconds.
  path: Assets/Prefabs/Units/Aramon/barracks/Barracks 1.prefab
  artifactKey: Guid(693f325c1ed672d4c97979a17e7d6f05) Importer(815301076,1909f56bfc062723c751e8b465ee728b)
Start importing Assets/Prefabs/Units/Aramon/barracks/Barracks 1.prefab using Guid(693f325c1ed672d4c97979a17e7d6f05) Importer(815301076,1909f56bfc062723c751e8b465ee728b)  -> (artifact id: '681bd1a8eef4c3f06484a768d5fdaa3e') in 0.135838 seconds 
  Import took 0.184187 seconds .

========================================================================
Received Import Request.
  Time since last request: 7.154952 seconds.
  path: Assets/Prefabs/Units/Aramon/barracks/Barracks 1.prefab
  artifactKey: Guid(693f325c1ed672d4c97979a17e7d6f05) Importer(815301076,1909f56bfc062723c751e8b465ee728b)
Start importing Assets/Prefabs/Units/Aramon/barracks/Barracks 1.prefab using Guid(693f325c1ed672d4c97979a17e7d6f05) Importer(815301076,1909f56bfc062723c751e8b465ee728b)  -> (artifact id: 'a1f3a6d0a2f81ca7329fddfef6fdc9bd') in 0.118192 seconds 
  Import took 0.129439 seconds .

========================================================================
Received Import Request.
  Time since last request: 90.358255 seconds.
  path: Assets/Prefabs/Units/Aramon/barracks/Barracks 1.prefab
  artifactKey: Guid(693f325c1ed672d4c97979a17e7d6f05) Importer(815301076,1909f56bfc062723c751e8b465ee728b)
Start importing Assets/Prefabs/Units/Aramon/barracks/Barracks 1.prefab using Guid(693f325c1ed672d4c97979a17e7d6f05) Importer(815301076,1909f56bfc062723c751e8b465ee728b)  -> (artifact id: 'ebf0249e881e103dcc56ca6208f6dc02') in 0.128441 seconds 
  Import took 0.224733 seconds .

========================================================================
Received Import Request.
  Time since last request: 45.377127 seconds.
  path: Assets/Prefabs/Units/Aramon/barracks/Barracks 1.prefab
  artifactKey: Guid(693f325c1ed672d4c97979a17e7d6f05) Importer(815301076,1909f56bfc062723c751e8b465ee728b)
Start importing Assets/Prefabs/Units/Aramon/barracks/Barracks 1.prefab using Guid(693f325c1ed672d4c97979a17e7d6f05) Importer(815301076,1909f56bfc062723c751e8b465ee728b)  -> (artifact id: 'eb3403ecb7d244741c80f08d702e805a') in 0.114787 seconds 
  Import took 0.140078 seconds .

========================================================================
Received Import Request.
  Time since last request: 0.293518 seconds.
  path: Assets/Prefabs/Units/Aramon/barracks/Barracks 1.prefab
  artifactKey: Guid(693f325c1ed672d4c97979a17e7d6f05) Importer(815301076,1909f56bfc062723c751e8b465ee728b)
Start importing Assets/Prefabs/Units/Aramon/barracks/Barracks 1.prefab using Guid(693f325c1ed672d4c97979a17e7d6f05) Importer(815301076,1909f56bfc062723c751e8b465ee728b)  -> (artifact id: '5c69b8833f029140af170fa64f54fdae') in 0.120796 seconds 
  Import took 0.134029 seconds .

========================================================================
Received Import Request.
  Time since last request: 45.976750 seconds.
  path: Assets/Prefabs/Units/Aramon/barracks/Barracks 1.prefab
  artifactKey: Guid(693f325c1ed672d4c97979a17e7d6f05) Importer(815301076,1909f56bfc062723c751e8b465ee728b)
Start importing Assets/Prefabs/Units/Aramon/barracks/Barracks 1.prefab using Guid(693f325c1ed672d4c97979a17e7d6f05) Importer(815301076,1909f56bfc062723c751e8b465ee728b)  -> (artifact id: '58ce3bb82ff917d6a655cddd7092e836') in 0.120594 seconds 
  Import took 0.138967 seconds .

========================================================================
Received Import Request.
  Time since last request: 18.780818 seconds.
  path: Assets/Prefabs/Units/Aramon/barracks/Barracks 1.prefab
  artifactKey: Guid(693f325c1ed672d4c97979a17e7d6f05) Importer(815301076,1909f56bfc062723c751e8b465ee728b)
Start importing Assets/Prefabs/Units/Aramon/barracks/Barracks 1.prefab using Guid(693f325c1ed672d4c97979a17e7d6f05) Importer(815301076,1909f56bfc062723c751e8b465ee728b)  -> (artifact id: 'b313d5b7733d66756acbb4b7ca1be3dd') in 0.120288 seconds 
  Import took 0.130815 seconds .

========================================================================
Received Import Request.
  Time since last request: 13.662703 seconds.
  path: Assets/Prefabs/Units/Aramon/barracks/Barracks 1.prefab
  artifactKey: Guid(693f325c1ed672d4c97979a17e7d6f05) Importer(815301076,1909f56bfc062723c751e8b465ee728b)
Start importing Assets/Prefabs/Units/Aramon/barracks/Barracks 1.prefab using Guid(693f325c1ed672d4c97979a17e7d6f05) Importer(815301076,1909f56bfc062723c751e8b465ee728b)  -> (artifact id: 'b5cc89bd062879518f85b126ee09680c') in 0.119658 seconds 
  Import took 0.130281 seconds .

========================================================================
Received Import Request.
  Time since last request: 74.341089 seconds.
  path: Assets/Prefabs/Units/Aramon/barracks/Barracks 1.prefab
  artifactKey: Guid(693f325c1ed672d4c97979a17e7d6f05) Importer(815301076,1909f56bfc062723c751e8b465ee728b)
Start importing Assets/Prefabs/Units/Aramon/barracks/Barracks 1.prefab using Guid(693f325c1ed672d4c97979a17e7d6f05) Importer(815301076,1909f56bfc062723c751e8b465ee728b)  -> (artifact id: '2a0c71a1da6ec09f9e47ed7396e58dba') in 0.123898 seconds 
  Import took 0.191054 seconds .

========================================================================
Received Import Request.
  Time since last request: 13.044122 seconds.
  path: Assets/Prefabs/Units/Aramon/barracks/Barracks 1.prefab
  artifactKey: Guid(693f325c1ed672d4c97979a17e7d6f05) Importer(815301076,1909f56bfc062723c751e8b465ee728b)
Start importing Assets/Prefabs/Units/Aramon/barracks/Barracks 1.prefab using Guid(693f325c1ed672d4c97979a17e7d6f05) Importer(815301076,1909f56bfc062723c751e8b465ee728b)  -> (artifact id: '1a8868bf454ea4145cdd9f2e7879c1d7') in 0.119585 seconds 
  Import took 0.140867 seconds .

========================================================================
Received Import Request.
  Time since last request: 4.295144 seconds.
  path: Assets/Prefabs/Units/Aramon/barracks/Barracks 1.prefab
  artifactKey: Guid(693f325c1ed672d4c97979a17e7d6f05) Importer(815301076,1909f56bfc062723c751e8b465ee728b)
Start importing Assets/Prefabs/Units/Aramon/barracks/Barracks 1.prefab using Guid(693f325c1ed672d4c97979a17e7d6f05) Importer(815301076,1909f56bfc062723c751e8b465ee728b)  -> (artifact id: '68cb8cb00426eab8464eede3f3330817') in 0.130459 seconds 
  Import took 0.245727 seconds .

========================================================================
Received Import Request.
  Time since last request: 1.881349 seconds.
  path: Assets/Prefabs/Units/Aramon/barracks/Barracks 1.prefab
  artifactKey: Guid(693f325c1ed672d4c97979a17e7d6f05) Importer(815301076,1909f56bfc062723c751e8b465ee728b)
Start importing Assets/Prefabs/Units/Aramon/barracks/Barracks 1.prefab using Guid(693f325c1ed672d4c97979a17e7d6f05) Importer(815301076,1909f56bfc062723c751e8b465ee728b)  -> (artifact id: '52cc009d44a0c81d9eb5bae3b7c79f4e') in 0.115093 seconds 
  Import took 0.160266 seconds .

========================================================================
Received Prepare
Registering precompiled user dll's ...
Registered in 0.003517 seconds.
Begin MonoManager ReloadAssembly
Native extension for WindowsStandalone target not found
Refreshing native plugins compatible for Editor in 0.47 ms, found 2 plugins.
Preloading 0 native plugins for Editor in 0.00 ms.
Mono: successfully reloaded assembly
- Completed reload, in  1.236 seconds
Domain Reload Profiling:
	ReloadAssembly (1236ms)
		BeginReloadAssembly (255ms)
			ExecutionOrderSort (0ms)
			DisableScriptedObjects (7ms)
			BackupInstance (0ms)
			ReleaseScriptingObjects (0ms)
			CreateAndSetChildDomain (92ms)
		EndReloadAssembly (867ms)
			LoadAssemblies (168ms)
			RebuildTransferFunctionScriptingTraits (0ms)
			SetupTypeCache (280ms)
			ReleaseScriptCaches (2ms)
			RebuildScriptCaches (34ms)
			SetupLoadedEditorAssemblies (329ms)
				LogAssemblyErrors (0ms)
				InitializePlatformSupportModulesInManaged (6ms)
				SetLoadedEditorAssemblies (1ms)
				RefreshPlugins (1ms)
				BeforeProcessingInitializeOnLoad (110ms)
				ProcessInitializeOnLoadAttributes (169ms)
				ProcessInitializeOnLoadMethodAttributes (4ms)
				AfterProcessingInitializeOnLoad (38ms)
				EditorAssembliesLoaded (0ms)
			ExecutionOrderSort2 (0ms)
			AwakeInstancesAfterBackupRestoration (6ms)
Platform modules already initialized, skipping
Shader 'Custom/AdditiveTintable': fallback shader 'Particles/Additive (Soft)' not found
Refreshing native plugins compatible for Editor in 0.48 ms, found 2 plugins.
Preloading 0 native plugins for Editor in 0.00 ms.
Unloading 1593 Unused Serialized files (Serialized files now loaded: 0)
System memory in use before: 114.6 MB.
System memory in use after: 114.7 MB.

Unloading 15 unused Assets to reduce memory usage. Loaded Objects now: 2162.
Total: 2.709500 ms (FindLiveObjects: 0.168800 ms CreateObjectMapping: 0.056300 ms MarkObjects: 2.420300 ms  DeleteObjects: 0.063000 ms)

AssetImportParameters requested are different than current active one (requested -> active):
  custom:framework-win-MediaFoundation: 216162199b28c13a410421893ffa2e32 -> 
  custom:video-decoder-ogg-theora: a1e56fd34408186e4bbccfd4996cb3dc -> 
  custom:container-muxer-webm: aa71ff27fc2769a1b78a27578f13a17b -> 
  custom:container-demuxer-webm: 4f35f7cbe854078d1ac9338744f61a02 -> 
  custom:container-demuxer-ogg: 62fdf1f143b41e24485cea50d1cbac27 -> 
  custom:video-encoder-webm-vp8: eb34c28f22e8b96e1ab97ce403110664 -> 
  custom:video-codec-MediaFoundation-h265: 746d11721c4dcdbdad8f713fa42b33f4 -> 
  custom:video-decoder-webm-vp8: 9c59270c3fd7afecdb556c50c9e8de78 -> 
  custom:audio-decoder-ogg-vorbis: bf7c407c2cedff20999df2af8eb42d56 -> 
  custom:audio-encoder-webm-vorbis: bf7c407c2cedff20999df2af8eb42d56 -> 
========================================================================
Received Import Request.
  Time since last request: 103.998592 seconds.
  path: Assets/Prefabs/Units/Aramon/barracks/Barracks 1.prefab
  artifactKey: Guid(693f325c1ed672d4c97979a17e7d6f05) Importer(815301076,1909f56bfc062723c751e8b465ee728b)
Start importing Assets/Prefabs/Units/Aramon/barracks/Barracks 1.prefab using Guid(693f325c1ed672d4c97979a17e7d6f05) Importer(815301076,1909f56bfc062723c751e8b465ee728b)  -> (artifact id: 'd787a6d71a9117b1a680dc6a32702131') in 0.192516 seconds 
  Import took 0.202838 seconds .

========================================================================
Received Import Request.
  Time since last request: 0.000162 seconds.
  path: Assets/Prefabs/Units/Aramon/barracks/barracks.prefab
  artifactKey: Guid(c72e64b65a195614e852f838f4dfeaba) Importer(815301076,1909f56bfc062723c751e8b465ee728b)
Start importing Assets/Prefabs/Units/Aramon/barracks/barracks.prefab using Guid(c72e64b65a195614e852f838f4dfeaba) Importer(815301076,1909f56bfc062723c751e8b465ee728b)  -> (artifact id: 'f7038902a60d33c87b9ab272f67c2f29') in 0.321348 seconds 
  Import took 0.438561 seconds .

========================================================================
Received Import Request.
  Time since last request: 50.773077 seconds.
  path: Assets/Prefabs/Units/Aramon/barracks/Barracks 1.prefab
  artifactKey: Guid(693f325c1ed672d4c97979a17e7d6f05) Importer(815301076,1909f56bfc062723c751e8b465ee728b)
Start importing Assets/Prefabs/Units/Aramon/barracks/Barracks 1.prefab using Guid(693f325c1ed672d4c97979a17e7d6f05) Importer(815301076,1909f56bfc062723c751e8b465ee728b)  -> (artifact id: '1098a66f3f1d5d8467ec426f9ab6bf77') in 0.125207 seconds 
  Import took 0.135209 seconds .

========================================================================
Received Import Request.
  Time since last request: 92.219777 seconds.
  path: Assets/Prefabs/Units/Aramon/barracks/Barracks.prefab
  artifactKey: Guid(c72e64b65a195614e852f838f4dfeaba) Importer(815301076,1909f56bfc062723c751e8b465ee728b)
Start importing Assets/Prefabs/Units/Aramon/barracks/Barracks.prefab using Guid(c72e64b65a195614e852f838f4dfeaba) Importer(815301076,1909f56bfc062723c751e8b465ee728b)  -> (artifact id: '5d8dc35ace82b085bf50821db6bd6aae') in 0.127077 seconds 
  Import took 0.148005 seconds .

========================================================================
Received Import Request.
  Time since last request: 13.178228 seconds.
  path: Assets/Prefabs/Units/Aramon/barracks/barracks-intangible.prefab
  artifactKey: Guid(a0175edc9f4260f4695740f5d5391cc8) Importer(815301076,1909f56bfc062723c751e8b465ee728b)
Start importing Assets/Prefabs/Units/Aramon/barracks/barracks-intangible.prefab using Guid(a0175edc9f4260f4695740f5d5391cc8) Importer(815301076,1909f56bfc062723c751e8b465ee728b)  -> (artifact id: 'c73e41f5349e887e88cc3489f7e7cba6') in 0.100438 seconds 
  Import took 0.109311 seconds .

========================================================================
Received Import Request.
  Time since last request: 55.294090 seconds.
  path: Assets/Prefabs/Units/Aramon/barracks/Barracks.prefab
  artifactKey: Guid(c72e64b65a195614e852f838f4dfeaba) Importer(815301076,1909f56bfc062723c751e8b465ee728b)
Start importing Assets/Prefabs/Units/Aramon/barracks/Barracks.prefab using Guid(c72e64b65a195614e852f838f4dfeaba) Importer(815301076,1909f56bfc062723c751e8b465ee728b)  -> (artifact id: '8ae094a79ec63b0ac86cfa4c41686068') in 0.129706 seconds 
  Import took 0.140663 seconds .

========================================================================
Received Prepare
Registering precompiled user dll's ...
Registered in 0.003745 seconds.
Begin MonoManager ReloadAssembly
Native extension for WindowsStandalone target not found
Refreshing native plugins compatible for Editor in 0.47 ms, found 2 plugins.
Preloading 0 native plugins for Editor in 0.00 ms.
Mono: successfully reloaded assembly
- Completed reload, in  1.099 seconds
Domain Reload Profiling:
	ReloadAssembly (1100ms)
		BeginReloadAssembly (188ms)
			ExecutionOrderSort (0ms)
			DisableScriptedObjects (4ms)
			BackupInstance (0ms)
			ReleaseScriptingObjects (0ms)
			CreateAndSetChildDomain (32ms)
		EndReloadAssembly (810ms)
			LoadAssemblies (152ms)
			RebuildTransferFunctionScriptingTraits (0ms)
			SetupTypeCache (257ms)
			ReleaseScriptCaches (1ms)
			RebuildScriptCaches (33ms)
			SetupLoadedEditorAssemblies (323ms)
				LogAssemblyErrors (0ms)
				InitializePlatformSupportModulesInManaged (6ms)
				SetLoadedEditorAssemblies (0ms)
				RefreshPlugins (1ms)
				BeforeProcessingInitializeOnLoad (103ms)
				ProcessInitializeOnLoadAttributes (169ms)
				ProcessInitializeOnLoadMethodAttributes (4ms)
				AfterProcessingInitializeOnLoad (38ms)
				EditorAssembliesLoaded (0ms)
			ExecutionOrderSort2 (0ms)
			AwakeInstancesAfterBackupRestoration (6ms)
Platform modules already initialized, skipping
Shader 'Custom/AdditiveTintable': fallback shader 'Particles/Additive (Soft)' not found
Refreshing native plugins compatible for Editor in 0.56 ms, found 2 plugins.
Preloading 0 native plugins for Editor in 0.00 ms.
Unloading 1593 Unused Serialized files (Serialized files now loaded: 0)
System memory in use before: 114.7 MB.
System memory in use after: 114.8 MB.

Unloading 15 unused Assets to reduce memory usage. Loaded Objects now: 2165.
Total: 2.583300 ms (FindLiveObjects: 0.156800 ms CreateObjectMapping: 0.053300 ms MarkObjects: 2.308500 ms  DeleteObjects: 0.063700 ms)

AssetImportParameters requested are different than current active one (requested -> active):
  custom:framework-win-MediaFoundation: 216162199b28c13a410421893ffa2e32 -> 
  custom:video-decoder-ogg-theora: a1e56fd34408186e4bbccfd4996cb3dc -> 
  custom:container-muxer-webm: aa71ff27fc2769a1b78a27578f13a17b -> 
  custom:container-demuxer-webm: 4f35f7cbe854078d1ac9338744f61a02 -> 
  custom:container-demuxer-ogg: 62fdf1f143b41e24485cea50d1cbac27 -> 
  custom:video-encoder-webm-vp8: eb34c28f22e8b96e1ab97ce403110664 -> 
  custom:video-codec-MediaFoundation-h265: 746d11721c4dcdbdad8f713fa42b33f4 -> 
  custom:video-decoder-webm-vp8: 9c59270c3fd7afecdb556c50c9e8de78 -> 
  custom:audio-decoder-ogg-vorbis: bf7c407c2cedff20999df2af8eb42d56 -> 
  custom:audio-encoder-webm-vorbis: bf7c407c2cedff20999df2af8eb42d56 -> 
========================================================================
Received Import Request.
  Time since last request: 164.994179 seconds.
  path: Assets/Prefabs/Units/Aramon/barracks/Barracks.prefab
  artifactKey: Guid(c72e64b65a195614e852f838f4dfeaba) Importer(815301076,1909f56bfc062723c751e8b465ee728b)
Start importing Assets/Prefabs/Units/Aramon/barracks/Barracks.prefab using Guid(c72e64b65a195614e852f838f4dfeaba) Importer(815301076,1909f56bfc062723c751e8b465ee728b)  -> (artifact id: '7537f596807521a5ccb87d151519e959') in 0.164447 seconds 
  Import took 0.186530 seconds .

